<?xml version="1.0" encoding="UTF-8"?>
<testng-results ignored="0" total="1" passed="1" failed="0" skipped="0">
  <reporter-output>
  </reporter-output>
  <suite started-at="2023-10-22T11:33:05 IST" name="Command line suite" finished-at="2023-10-22T11:33:28 IST" duration-ms="23668">
    <groups>
    </groups>
    <test started-at="2023-10-22T11:33:05 IST" name="Command line test" finished-at="2023-10-22T11:33:28 IST" duration-ms="23668">
      <class name="HealeniumTest">
        <test-method is-config="true" signature="init()[pri:0, instance:HealeniumTest@5276e6b0]" started-at="2023-10-22T11:33:05 IST" name="init" finished-at="2023-10-22T11:33:12 IST" duration-ms="6889" status="PASS">
          <reporter-output>
          </reporter-output>
        </test-method> <!-- init -->
        <test-method signature="firstTest()[pri:0, instance:HealeniumTest@5276e6b0]" started-at="2023-10-22T11:33:12 IST" name="firstTest" finished-at="2023-10-22T11:33:22 IST" duration-ms="10769" status="PASS">
          <reporter-output>
          </reporter-output>
        </test-method> <!-- firstTest -->
        <test-method is-config="true" signature="after()[pri:0, instance:HealeniumTest@5276e6b0]" started-at="2023-10-22T11:33:22 IST" name="after" finished-at="2023-10-22T11:33:28 IST" duration-ms="5952" status="PASS">
          <reporter-output>
          </reporter-output>
        </test-method> <!-- after -->
      </class> <!-- HealeniumTest -->
    </test> <!-- Command line test -->
  </suite> <!-- Command line suite -->
</testng-results>
